<?xml version="1.0" encoding="UTF-8"?>
<coverage generated="1710157492872" clover="3.2.0">
  <project timestamp="1710157492872" name="All files">
    <metrics statements="154" coveredstatements="152" conditionals="44" coveredconditionals="42" methods="19" coveredmethods="19" elements="217" coveredelements="213" complexity="0" loc="154" ncloc="154" packages="1" files="1" classes="1"/>
    <file name="yatzy.ts" path="/Users/devlee/tdd-kata/yatzy/src/yatzy.ts">
      <metrics statements="154" coveredstatements="152" conditionals="44" coveredconditionals="42" methods="19" coveredmethods="19"/>
      <line num="1" count="1" type="stmt"/>
      <line num="2" count="1" type="stmt"/>
      <line num="3" count="1" type="stmt"/>
      <line num="4" count="1" type="stmt"/>
      <line num="5" count="1" type="stmt"/>
      <line num="6" count="1" type="stmt"/>
      <line num="7" count="1" type="cond" truecount="1" falsecount="0"/>
      <line num="8" count="30" type="stmt"/>
      <line num="9" count="30" type="stmt"/>
      <line num="10" count="30" type="stmt"/>
      <line num="11" count="30" type="cond" truecount="1" falsecount="0"/>
      <line num="12" count="30" type="stmt"/>
      <line num="13" count="30" type="stmt"/>
      <line num="14" count="30" type="cond" truecount="1" falsecount="0"/>
      <line num="15" count="150" type="stmt"/>
      <line num="16" count="150" type="cond" truecount="1" falsecount="0"/>
      <line num="17" count="30" type="stmt"/>
      <line num="18" count="30" type="stmt"/>
      <line num="19" count="30" type="stmt"/>
      <line num="20" count="30" type="stmt"/>
      <line num="21" count="30" type="stmt"/>
      <line num="22" count="30" type="cond" truecount="1" falsecount="0"/>
      <line num="23" count="1" type="stmt"/>
      <line num="24" count="1" type="stmt"/>
      <line num="25" count="30" type="stmt"/>
      <line num="26" count="30" type="stmt"/>
      <line num="27" count="30" type="cond" truecount="1" falsecount="0"/>
      <line num="28" count="2" type="stmt"/>
      <line num="29" count="2" type="stmt"/>
      <line num="30" count="30" type="cond" truecount="1" falsecount="0"/>
      <line num="31" count="2" type="stmt"/>
      <line num="32" count="2" type="stmt"/>
      <line num="33" count="30" type="cond" truecount="1" falsecount="0"/>
      <line num="34" count="2" type="stmt"/>
      <line num="35" count="2" type="stmt"/>
      <line num="36" count="30" type="cond" truecount="1" falsecount="0"/>
      <line num="37" count="2" type="stmt"/>
      <line num="38" count="2" type="stmt"/>
      <line num="39" count="30" type="cond" truecount="1" falsecount="0"/>
      <line num="40" count="2" type="stmt"/>
      <line num="41" count="2" type="stmt"/>
      <line num="42" count="30" type="cond" truecount="1" falsecount="0"/>
      <line num="43" count="2" type="stmt"/>
      <line num="44" count="2" type="stmt"/>
      <line num="45" count="30" type="stmt"/>
      <line num="46" count="30" type="stmt"/>
      <line num="47" count="30" type="cond" truecount="1" falsecount="0"/>
      <line num="48" count="2" type="cond" truecount="1" falsecount="0"/>
      <line num="49" count="2" type="stmt"/>
      <line num="50" count="30" type="stmt"/>
      <line num="51" count="30" type="cond" truecount="1" falsecount="0"/>
      <line num="52" count="2" type="cond" truecount="1" falsecount="0"/>
      <line num="53" count="1" type="cond" truecount="1" falsecount="0"/>
      <line num="54" count="1" type="stmt"/>
      <line num="55" count="1" type="stmt"/>
      <line num="56" count="1" type="stmt"/>
      <line num="57" count="2" type="stmt"/>
      <line num="58" count="30" type="stmt"/>
      <line num="59" count="30" type="cond" truecount="1" falsecount="0"/>
      <line num="60" count="2" type="cond" truecount="1" falsecount="0"/>
      <line num="61" count="1" type="cond" truecount="1" falsecount="0"/>
      <line num="62" count="1" type="stmt"/>
      <line num="63" count="1" type="stmt"/>
      <line num="64" count="1" type="stmt"/>
      <line num="65" count="2" type="stmt"/>
      <line num="66" count="30" type="stmt"/>
      <line num="67" count="30" type="cond" truecount="1" falsecount="0"/>
      <line num="68" count="2" type="cond" truecount="1" falsecount="0"/>
      <line num="69" count="1" type="cond" truecount="1" falsecount="0"/>
      <line num="70" count="1" type="stmt"/>
      <line num="71" count="1" type="stmt"/>
      <line num="72" count="1" type="stmt"/>
      <line num="73" count="2" type="stmt"/>
      <line num="74" count="30" type="stmt"/>
      <line num="75" count="30" type="cond" truecount="1" falsecount="0"/>
      <line num="76" count="2" type="cond" truecount="1" falsecount="0"/>
      <line num="77" count="1" type="stmt"/>
      <line num="78" count="1" type="stmt"/>
      <line num="79" count="1" type="stmt"/>
      <line num="80" count="1" type="stmt"/>
      <line num="81" count="1" type="stmt"/>
      <line num="82" count="2" type="stmt"/>
      <line num="83" count="30" type="stmt"/>
      <line num="84" count="30" type="stmt"/>
      <line num="85" count="30" type="cond" truecount="1" falsecount="0"/>
      <line num="86" count="4" type="cond" truecount="1" falsecount="0"/>
      <line num="87" count="2" type="stmt"/>
      <line num="88" count="2" type="stmt"/>
      <line num="89" count="2" type="stmt"/>
      <line num="90" count="2" type="stmt"/>
      <line num="91" count="4" type="stmt"/>
      <line num="92" count="30" type="stmt"/>
      <line num="93" count="30" type="stmt"/>
      <line num="94" count="30" type="cond" truecount="1" falsecount="0"/>
      <line num="95" count="4" type="cond" truecount="1" falsecount="0"/>
      <line num="96" count="2" type="stmt"/>
      <line num="97" count="2" type="stmt"/>
      <line num="98" count="2" type="stmt"/>
      <line num="99" count="2" type="stmt"/>
      <line num="100" count="4" type="stmt"/>
      <line num="101" count="30" type="stmt"/>
      <line num="102" count="30" type="stmt"/>
      <line num="103" count="30" type="stmt"/>
      <line num="104" count="30" type="stmt"/>
      <line num="105" count="30" type="stmt"/>
      <line num="106" count="30" type="cond" truecount="1" falsecount="0"/>
      <line num="107" count="12" type="stmt"/>
      <line num="108" count="12" type="cond" truecount="1" falsecount="0"/>
      <line num="109" count="12" type="cond" truecount="1" falsecount="0"/>
      <line num="110" count="12" type="stmt"/>
      <line num="111" count="30" type="stmt"/>
      <line num="112" count="30" type="stmt"/>
      <line num="113" count="30" type="stmt"/>
      <line num="114" count="30" type="stmt"/>
      <line num="115" count="30" type="stmt"/>
      <line num="116" count="30" type="cond" truecount="1" falsecount="0"/>
      <line num="117" count="10" type="cond" truecount="1" falsecount="0"/>
      <line num="118" count="10" type="stmt"/>
      <line num="119" count="30" type="stmt"/>
      <line num="120" count="30" type="stmt"/>
      <line num="121" count="30" type="stmt"/>
      <line num="122" count="30" type="stmt"/>
      <line num="123" count="30" type="stmt"/>
      <line num="124" count="30" type="cond" truecount="1" falsecount="0"/>
      <line num="125" count="8" type="stmt"/>
      <line num="126" count="8" type="stmt"/>
      <line num="127" count="8" type="cond" truecount="1" falsecount="0"/>
      <line num="128" count="40" type="cond" truecount="1" falsecount="0"/>
      <line num="129" count="40" type="stmt"/>
      <line num="130" count="8" type="stmt"/>
      <line num="131" count="8" type="stmt"/>
      <line num="132" count="8" type="stmt"/>
      <line num="133" count="8" type="stmt"/>
      <line num="134" count="8" type="cond" truecount="1" falsecount="0"/>
      <line num="135" count="43" type="cond" truecount="1" falsecount="0"/>
      <line num="136" count="37" type="stmt"/>
      <line num="137" count="37" type="cond" truecount="1" falsecount="0"/>
      <line num="138" count="4" type="stmt"/>
      <line num="139" count="4" type="stmt"/>
      <line num="140" count="43" type="cond" truecount="1" falsecount="0"/>
      <line num="141" count="6" type="stmt"/>
      <line num="142" count="6" type="stmt"/>
      <line num="143" count="6" type="stmt"/>
      <line num="144" count="43" type="cond" truecount="1" falsecount="0"/>
      <line num="145" count="4" type="stmt"/>
      <line num="146" count="8" type="cond" truecount="0" falsecount="1"/>
      <line num="147" count="0" type="stmt"/>
      <line num="148" count="8" type="cond" truecount="1" falsecount="1"/>
      <line num="149" count="0" type="stmt"/>
      <line num="150" count="4" type="stmt"/>
      <line num="151" count="4" type="stmt"/>
      <line num="152" count="4" type="stmt"/>
      <line num="153" count="8" type="stmt"/>
      <line num="154" count="30" type="stmt"/>
    </file>
  </project>
</coverage>
