{"/Users/devlee/tdd-kata/yatzy/src/yatzy.ts": {"path":"/Users/devlee/tdd-kata/yatzy/src/yatzy.ts","all":false,"statementMap":{"0":{"start":{"line":1,"column":0},"end":{"line":1,"column":37}},"1":{"start":{"line":2,"column":0},"end":{"line":2,"column":0}},"2":{"start":{"line":3,"column":0},"end":{"line":3,"column":24}},"3":{"start":{"line":4,"column":0},"end":{"line":4,"column":27}},"4":{"start":{"line":5,"column":0},"end":{"line":5,"column":2}},"5":{"start":{"line":6,"column":0},"end":{"line":6,"column":0}},"6":{"start":{"line":7,"column":0},"end":{"line":7,"column":28}},"7":{"start":{"line":8,"column":0},"end":{"line":8,"column":35}},"8":{"start":{"line":9,"column":0},"end":{"line":9,"column":52}},"9":{"start":{"line":10,"column":0},"end":{"line":10,"column":24}},"10":{"start":{"line":11,"column":0},"end":{"line":11,"column":0}},"11":{"start":{"line":12,"column":0},"end":{"line":12,"column":80}},"12":{"start":{"line":13,"column":0},"end":{"line":13,"column":37}},"13":{"start":{"line":14,"column":0},"end":{"line":14,"column":44}},"14":{"start":{"line":15,"column":0},"end":{"line":15,"column":22}},"15":{"start":{"line":16,"column":0},"end":{"line":16,"column":15}},"16":{"start":{"line":17,"column":0},"end":{"line":17,"column":46}},"17":{"start":{"line":18,"column":0},"end":{"line":18,"column":9}},"18":{"start":{"line":19,"column":0},"end":{"line":19,"column":27}},"19":{"start":{"line":20,"column":0},"end":{"line":20,"column":6}},"20":{"start":{"line":21,"column":0},"end":{"line":21,"column":3}},"21":{"start":{"line":22,"column":0},"end":{"line":22,"column":0}},"22":{"start":{"line":23,"column":0},"end":{"line":23,"column":16}},"23":{"start":{"line":24,"column":0},"end":{"line":24,"column":22}},"24":{"start":{"line":25,"column":0},"end":{"line":25,"column":3}},"25":{"start":{"line":26,"column":0},"end":{"line":26,"column":0}},"26":{"start":{"line":27,"column":0},"end":{"line":27,"column":18}},"27":{"start":{"line":28,"column":0},"end":{"line":28,"column":18}},"28":{"start":{"line":29,"column":0},"end":{"line":29,"column":27}},"29":{"start":{"line":30,"column":0},"end":{"line":30,"column":3}},"30":{"start":{"line":31,"column":0},"end":{"line":31,"column":18}},"31":{"start":{"line":32,"column":0},"end":{"line":32,"column":27}},"32":{"start":{"line":33,"column":0},"end":{"line":33,"column":3}},"33":{"start":{"line":34,"column":0},"end":{"line":34,"column":20}},"34":{"start":{"line":35,"column":0},"end":{"line":35,"column":27}},"35":{"start":{"line":36,"column":0},"end":{"line":36,"column":3}},"36":{"start":{"line":37,"column":0},"end":{"line":37,"column":19}},"37":{"start":{"line":38,"column":0},"end":{"line":38,"column":27}},"38":{"start":{"line":39,"column":0},"end":{"line":39,"column":3}},"39":{"start":{"line":40,"column":0},"end":{"line":40,"column":19}},"40":{"start":{"line":41,"column":0},"end":{"line":41,"column":27}},"41":{"start":{"line":42,"column":0},"end":{"line":42,"column":3}},"42":{"start":{"line":43,"column":0},"end":{"line":43,"column":19}},"43":{"start":{"line":44,"column":0},"end":{"line":44,"column":27}},"44":{"start":{"line":45,"column":0},"end":{"line":45,"column":3}},"45":{"start":{"line":46,"column":0},"end":{"line":46,"column":0}},"46":{"start":{"line":47,"column":0},"end":{"line":47,"column":18}},"47":{"start":{"line":48,"column":0},"end":{"line":48,"column":20}},"48":{"start":{"line":49,"column":0},"end":{"line":49,"column":58}},"49":{"start":{"line":50,"column":0},"end":{"line":50,"column":3}},"50":{"start":{"line":51,"column":0},"end":{"line":51,"column":0}},"51":{"start":{"line":52,"column":0},"end":{"line":52,"column":26}},"52":{"start":{"line":53,"column":0},"end":{"line":53,"column":32}},"53":{"start":{"line":54,"column":0},"end":{"line":54,"column":60}},"54":{"start":{"line":55,"column":0},"end":{"line":55,"column":12}},"55":{"start":{"line":56,"column":0},"end":{"line":56,"column":44}},"56":{"start":{"line":57,"column":0},"end":{"line":57,"column":5}},"57":{"start":{"line":58,"column":0},"end":{"line":58,"column":3}},"58":{"start":{"line":59,"column":0},"end":{"line":59,"column":0}},"59":{"start":{"line":60,"column":0},"end":{"line":60,"column":25}},"60":{"start":{"line":61,"column":0},"end":{"line":61,"column":32}},"61":{"start":{"line":62,"column":0},"end":{"line":62,"column":60}},"62":{"start":{"line":63,"column":0},"end":{"line":63,"column":12}},"63":{"start":{"line":64,"column":0},"end":{"line":64,"column":43}},"64":{"start":{"line":65,"column":0},"end":{"line":65,"column":5}},"65":{"start":{"line":66,"column":0},"end":{"line":66,"column":3}},"66":{"start":{"line":67,"column":0},"end":{"line":67,"column":0}},"67":{"start":{"line":68,"column":0},"end":{"line":68,"column":23}},"68":{"start":{"line":69,"column":0},"end":{"line":69,"column":57}},"69":{"start":{"line":70,"column":0},"end":{"line":70,"column":60}},"70":{"start":{"line":71,"column":0},"end":{"line":71,"column":12}},"71":{"start":{"line":72,"column":0},"end":{"line":72,"column":39}},"72":{"start":{"line":73,"column":0},"end":{"line":73,"column":5}},"73":{"start":{"line":74,"column":0},"end":{"line":74,"column":3}},"74":{"start":{"line":75,"column":0},"end":{"line":75,"column":0}},"75":{"start":{"line":76,"column":0},"end":{"line":76,"column":21}},"76":{"start":{"line":77,"column":0},"end":{"line":77,"column":32}},"77":{"start":{"line":78,"column":0},"end":{"line":78,"column":24}},"78":{"start":{"line":79,"column":0},"end":{"line":79,"column":16}},"79":{"start":{"line":80,"column":0},"end":{"line":80,"column":12}},"80":{"start":{"line":81,"column":0},"end":{"line":81,"column":36}},"81":{"start":{"line":82,"column":0},"end":{"line":82,"column":5}},"82":{"start":{"line":83,"column":0},"end":{"line":83,"column":3}},"83":{"start":{"line":84,"column":0},"end":{"line":84,"column":0}},"84":{"start":{"line":85,"column":0},"end":{"line":85,"column":21}},"85":{"start":{"line":86,"column":0},"end":{"line":86,"column":27}},"86":{"start":{"line":87,"column":0},"end":{"line":87,"column":36}},"87":{"start":{"line":88,"column":0},"end":{"line":88,"column":16}},"88":{"start":{"line":89,"column":0},"end":{"line":89,"column":12}},"89":{"start":{"line":90,"column":0},"end":{"line":90,"column":43}},"90":{"start":{"line":91,"column":0},"end":{"line":91,"column":5}},"91":{"start":{"line":92,"column":0},"end":{"line":92,"column":3}},"92":{"start":{"line":93,"column":0},"end":{"line":93,"column":0}},"93":{"start":{"line":94,"column":0},"end":{"line":94,"column":21}},"94":{"start":{"line":95,"column":0},"end":{"line":95,"column":27}},"95":{"start":{"line":96,"column":0},"end":{"line":96,"column":36}},"96":{"start":{"line":97,"column":0},"end":{"line":97,"column":16}},"97":{"start":{"line":98,"column":0},"end":{"line":98,"column":12}},"98":{"start":{"line":99,"column":0},"end":{"line":99,"column":43}},"99":{"start":{"line":100,"column":0},"end":{"line":100,"column":5}},"100":{"start":{"line":101,"column":0},"end":{"line":101,"column":3}},"101":{"start":{"line":102,"column":0},"end":{"line":102,"column":0}},"102":{"start":{"line":103,"column":0},"end":{"line":103,"column":5}},"103":{"start":{"line":104,"column":0},"end":{"line":104,"column":17}},"104":{"start":{"line":105,"column":0},"end":{"line":105,"column":28}},"105":{"start":{"line":106,"column":0},"end":{"line":106,"column":7}},"106":{"start":{"line":107,"column":0},"end":{"line":107,"column":38}},"107":{"start":{"line":108,"column":0},"end":{"line":108,"column":20}},"108":{"start":{"line":109,"column":0},"end":{"line":109,"column":29}},"109":{"start":{"line":110,"column":0},"end":{"line":110,"column":44}},"110":{"start":{"line":111,"column":0},"end":{"line":111,"column":3}},"111":{"start":{"line":112,"column":0},"end":{"line":112,"column":0}},"112":{"start":{"line":113,"column":0},"end":{"line":113,"column":5}},"113":{"start":{"line":114,"column":0},"end":{"line":114,"column":17}},"114":{"start":{"line":115,"column":0},"end":{"line":115,"column":23}},"115":{"start":{"line":116,"column":0},"end":{"line":116,"column":5}},"116":{"start":{"line":117,"column":0},"end":{"line":117,"column":41}},"117":{"start":{"line":118,"column":0},"end":{"line":118,"column":72}},"118":{"start":{"line":119,"column":0},"end":{"line":119,"column":3}},"119":{"start":{"line":120,"column":0},"end":{"line":120,"column":0}},"120":{"start":{"line":121,"column":0},"end":{"line":121,"column":5}},"121":{"start":{"line":122,"column":0},"end":{"line":122,"column":17}},"122":{"start":{"line":123,"column":0},"end":{"line":123,"column":20}},"123":{"start":{"line":124,"column":0},"end":{"line":124,"column":8}},"124":{"start":{"line":125,"column":0},"end":{"line":125,"column":52}},"125":{"start":{"line":126,"column":0},"end":{"line":126,"column":58}},"126":{"start":{"line":127,"column":0},"end":{"line":127,"column":52}},"127":{"start":{"line":128,"column":0},"end":{"line":128,"column":51}},"128":{"start":{"line":129,"column":0},"end":{"line":129,"column":45}},"129":{"start":{"line":130,"column":0},"end":{"line":130,"column":17}},"130":{"start":{"line":131,"column":0},"end":{"line":131,"column":21}},"131":{"start":{"line":132,"column":0},"end":{"line":132,"column":0}},"132":{"start":{"line":133,"column":0},"end":{"line":133,"column":16}},"133":{"start":{"line":134,"column":0},"end":{"line":134,"column":20}},"134":{"start":{"line":135,"column":0},"end":{"line":135,"column":31}},"135":{"start":{"line":136,"column":0},"end":{"line":136,"column":20}},"136":{"start":{"line":137,"column":0},"end":{"line":137,"column":14}},"137":{"start":{"line":138,"column":0},"end":{"line":138,"column":31}},"138":{"start":{"line":139,"column":0},"end":{"line":139,"column":22}},"139":{"start":{"line":140,"column":0},"end":{"line":140,"column":9}},"140":{"start":{"line":141,"column":0},"end":{"line":141,"column":14}},"141":{"start":{"line":142,"column":0},"end":{"line":142,"column":22}},"142":{"start":{"line":143,"column":0},"end":{"line":143,"column":16}},"143":{"start":{"line":144,"column":0},"end":{"line":144,"column":7}},"144":{"start":{"line":145,"column":0},"end":{"line":145,"column":5}},"145":{"start":{"line":146,"column":0},"end":{"line":146,"column":0}},"146":{"start":{"line":147,"column":0},"end":{"line":147,"column":27}},"147":{"start":{"line":148,"column":0},"end":{"line":148,"column":18}},"148":{"start":{"line":149,"column":0},"end":{"line":149,"column":38}},"149":{"start":{"line":150,"column":0},"end":{"line":150,"column":18}},"150":{"start":{"line":151,"column":0},"end":{"line":151,"column":12}},"151":{"start":{"line":152,"column":0},"end":{"line":152,"column":19}},"152":{"start":{"line":153,"column":0},"end":{"line":153,"column":5}},"153":{"start":{"line":154,"column":0},"end":{"line":154,"column":3}},"154":{"start":{"line":155,"column":0},"end":{"line":155,"column":1}}},"s":{"0":1,"1":1,"2":1,"3":1,"4":1,"5":1,"6":1,"7":30,"8":30,"9":30,"10":30,"11":30,"12":30,"13":30,"14":30,"15":150,"16":150,"17":30,"18":30,"19":30,"20":30,"21":30,"22":30,"23":1,"24":1,"25":30,"26":30,"27":30,"28":2,"29":2,"30":30,"31":2,"32":2,"33":30,"34":2,"35":2,"36":30,"37":2,"38":2,"39":30,"40":2,"41":2,"42":30,"43":2,"44":2,"45":30,"46":30,"47":30,"48":2,"49":2,"50":30,"51":30,"52":2,"53":1,"54":1,"55":1,"56":1,"57":2,"58":30,"59":30,"60":2,"61":1,"62":1,"63":1,"64":1,"65":2,"66":30,"67":30,"68":2,"69":1,"70":1,"71":1,"72":1,"73":2,"74":30,"75":30,"76":2,"77":1,"78":1,"79":1,"80":1,"81":1,"82":2,"83":30,"84":30,"85":30,"86":4,"87":2,"88":2,"89":2,"90":2,"91":4,"92":30,"93":30,"94":30,"95":4,"96":2,"97":2,"98":2,"99":2,"100":4,"101":30,"102":30,"103":30,"104":30,"105":30,"106":30,"107":12,"108":12,"109":12,"110":12,"111":30,"112":30,"113":30,"114":30,"115":30,"116":30,"117":10,"118":10,"119":30,"120":30,"121":30,"122":30,"123":30,"124":30,"125":8,"126":8,"127":8,"128":40,"129":40,"130":8,"131":8,"132":8,"133":8,"134":8,"135":43,"136":37,"137":37,"138":4,"139":4,"140":43,"141":6,"142":6,"143":6,"144":43,"145":4,"146":8,"147":0,"148":8,"149":0,"150":4,"151":4,"152":4,"153":8,"154":30},"branchMap":{"0":{"type":"branch","line":7,"loc":{"start":{"line":7,"column":15},"end":{"line":155,"column":1}},"locations":[{"start":{"line":7,"column":15},"end":{"line":155,"column":1}}]},"1":{"type":"branch","line":12,"loc":{"start":{"line":12,"column":2},"end":{"line":21,"column":3}},"locations":[{"start":{"line":12,"column":2},"end":{"line":21,"column":3}}]},"2":{"type":"branch","line":15,"loc":{"start":{"line":15,"column":6},"end":{"line":18,"column":8}},"locations":[{"start":{"line":15,"column":6},"end":{"line":18,"column":8}}]},"3":{"type":"branch","line":17,"loc":{"start":{"line":17,"column":35},"end":{"line":17,"column":40}},"locations":[{"start":{"line":17,"column":35},"end":{"line":17,"column":40}}]},"4":{"type":"branch","line":23,"loc":{"start":{"line":23,"column":2},"end":{"line":25,"column":3}},"locations":[{"start":{"line":23,"column":2},"end":{"line":25,"column":3}}]},"5":{"type":"branch","line":28,"loc":{"start":{"line":28,"column":2},"end":{"line":30,"column":3}},"locations":[{"start":{"line":28,"column":2},"end":{"line":30,"column":3}}]},"6":{"type":"branch","line":31,"loc":{"start":{"line":31,"column":2},"end":{"line":33,"column":3}},"locations":[{"start":{"line":31,"column":2},"end":{"line":33,"column":3}}]},"7":{"type":"branch","line":34,"loc":{"start":{"line":34,"column":2},"end":{"line":36,"column":3}},"locations":[{"start":{"line":34,"column":2},"end":{"line":36,"column":3}}]},"8":{"type":"branch","line":37,"loc":{"start":{"line":37,"column":2},"end":{"line":39,"column":3}},"locations":[{"start":{"line":37,"column":2},"end":{"line":39,"column":3}}]},"9":{"type":"branch","line":40,"loc":{"start":{"line":40,"column":2},"end":{"line":42,"column":3}},"locations":[{"start":{"line":40,"column":2},"end":{"line":42,"column":3}}]},"10":{"type":"branch","line":43,"loc":{"start":{"line":43,"column":2},"end":{"line":45,"column":3}},"locations":[{"start":{"line":43,"column":2},"end":{"line":45,"column":3}}]},"11":{"type":"branch","line":48,"loc":{"start":{"line":48,"column":2},"end":{"line":50,"column":3}},"locations":[{"start":{"line":48,"column":2},"end":{"line":50,"column":3}}]},"12":{"type":"branch","line":49,"loc":{"start":{"line":49,"column":28},"end":{"line":49,"column":53}},"locations":[{"start":{"line":49,"column":28},"end":{"line":49,"column":53}}]},"13":{"type":"branch","line":52,"loc":{"start":{"line":52,"column":2},"end":{"line":58,"column":3}},"locations":[{"start":{"line":52,"column":2},"end":{"line":58,"column":3}}]},"14":{"type":"branch","line":53,"loc":{"start":{"line":53,"column":31},"end":{"line":57,"column":5}},"locations":[{"start":{"line":53,"column":31},"end":{"line":57,"column":5}}]},"15":{"type":"branch","line":54,"loc":{"start":{"line":54,"column":30},"end":{"line":54,"column":55}},"locations":[{"start":{"line":54,"column":30},"end":{"line":54,"column":55}}]},"16":{"type":"branch","line":60,"loc":{"start":{"line":60,"column":2},"end":{"line":66,"column":3}},"locations":[{"start":{"line":60,"column":2},"end":{"line":66,"column":3}}]},"17":{"type":"branch","line":61,"loc":{"start":{"line":61,"column":31},"end":{"line":65,"column":5}},"locations":[{"start":{"line":61,"column":31},"end":{"line":65,"column":5}}]},"18":{"type":"branch","line":62,"loc":{"start":{"line":62,"column":30},"end":{"line":62,"column":55}},"locations":[{"start":{"line":62,"column":30},"end":{"line":62,"column":55}}]},"19":{"type":"branch","line":68,"loc":{"start":{"line":68,"column":2},"end":{"line":74,"column":3}},"locations":[{"start":{"line":68,"column":2},"end":{"line":74,"column":3}}]},"20":{"type":"branch","line":69,"loc":{"start":{"line":69,"column":56},"end":{"line":73,"column":5}},"locations":[{"start":{"line":69,"column":56},"end":{"line":73,"column":5}}]},"21":{"type":"branch","line":70,"loc":{"start":{"line":70,"column":30},"end":{"line":70,"column":55}},"locations":[{"start":{"line":70,"column":30},"end":{"line":70,"column":55}}]},"22":{"type":"branch","line":76,"loc":{"start":{"line":76,"column":2},"end":{"line":83,"column":3}},"locations":[{"start":{"line":76,"column":2},"end":{"line":83,"column":3}}]},"23":{"type":"branch","line":77,"loc":{"start":{"line":77,"column":31},"end":{"line":82,"column":5}},"locations":[{"start":{"line":77,"column":31},"end":{"line":82,"column":5}}]},"24":{"type":"branch","line":86,"loc":{"start":{"line":86,"column":2},"end":{"line":92,"column":3}},"locations":[{"start":{"line":86,"column":2},"end":{"line":92,"column":3}}]},"25":{"type":"branch","line":87,"loc":{"start":{"line":87,"column":35},"end":{"line":91,"column":5}},"locations":[{"start":{"line":87,"column":35},"end":{"line":91,"column":5}}]},"26":{"type":"branch","line":95,"loc":{"start":{"line":95,"column":2},"end":{"line":101,"column":3}},"locations":[{"start":{"line":95,"column":2},"end":{"line":101,"column":3}}]},"27":{"type":"branch","line":96,"loc":{"start":{"line":96,"column":35},"end":{"line":100,"column":5}},"locations":[{"start":{"line":96,"column":35},"end":{"line":100,"column":5}}]},"28":{"type":"branch","line":107,"loc":{"start":{"line":107,"column":10},"end":{"line":111,"column":3}},"locations":[{"start":{"line":107,"column":10},"end":{"line":111,"column":3}}]},"29":{"type":"branch","line":109,"loc":{"start":{"line":109,"column":15},"end":{"line":109,"column":28}},"locations":[{"start":{"line":109,"column":15},"end":{"line":109,"column":28}}]},"30":{"type":"branch","line":110,"loc":{"start":{"line":110,"column":14},"end":{"line":110,"column":39}},"locations":[{"start":{"line":110,"column":14},"end":{"line":110,"column":39}}]},"31":{"type":"branch","line":117,"loc":{"start":{"line":117,"column":10},"end":{"line":119,"column":3}},"locations":[{"start":{"line":117,"column":10},"end":{"line":119,"column":3}}]},"32":{"type":"branch","line":118,"loc":{"start":{"line":118,"column":53},"end":{"line":118,"column":70}},"locations":[{"start":{"line":118,"column":53},"end":{"line":118,"column":70}}]},"33":{"type":"branch","line":125,"loc":{"start":{"line":125,"column":10},"end":{"line":154,"column":3}},"locations":[{"start":{"line":125,"column":10},"end":{"line":154,"column":3}}]},"34":{"type":"branch","line":135,"loc":{"start":{"line":135,"column":30},"end":{"line":145,"column":5}},"locations":[{"start":{"line":135,"column":30},"end":{"line":145,"column":5}}]},"35":{"type":"branch","line":136,"loc":{"start":{"line":136,"column":19},"end":{"line":141,"column":7}},"locations":[{"start":{"line":136,"column":19},"end":{"line":141,"column":7}}]},"36":{"type":"branch","line":138,"loc":{"start":{"line":138,"column":30},"end":{"line":140,"column":9}},"locations":[{"start":{"line":138,"column":30},"end":{"line":140,"column":9}}]},"37":{"type":"branch","line":141,"loc":{"start":{"line":141,"column":7},"end":{"line":144,"column":7}},"locations":[{"start":{"line":141,"column":7},"end":{"line":144,"column":7}}]},"38":{"type":"branch","line":145,"loc":{"start":{"line":145,"column":4},"end":{"line":147,"column":26}},"locations":[{"start":{"line":145,"column":4},"end":{"line":147,"column":26}}]},"39":{"type":"branch","line":147,"loc":{"start":{"line":147,"column":26},"end":{"line":149,"column":5}},"locations":[{"start":{"line":147,"column":26},"end":{"line":149,"column":5}}]},"40":{"type":"branch","line":149,"loc":{"start":{"line":149,"column":5},"end":{"line":153,"column":5}},"locations":[{"start":{"line":149,"column":5},"end":{"line":153,"column":5}}]},"41":{"type":"branch","line":149,"loc":{"start":{"line":149,"column":37},"end":{"line":151,"column":5}},"locations":[{"start":{"line":149,"column":37},"end":{"line":151,"column":5}}]},"42":{"type":"branch","line":128,"loc":{"start":{"line":128,"column":36},"end":{"line":131,"column":5}},"locations":[{"start":{"line":128,"column":36},"end":{"line":131,"column":5}}]},"43":{"type":"branch","line":129,"loc":{"start":{"line":129,"column":34},"end":{"line":129,"column":39}},"locations":[{"start":{"line":129,"column":34},"end":{"line":129,"column":39}}]}},"b":{"0":[30],"1":[30],"2":[150],"3":[102],"4":[1],"5":[2],"6":[2],"7":[2],"8":[2],"9":[2],"10":[2],"11":[2],"12":[10],"13":[2],"14":[1],"15":[5],"16":[2],"17":[1],"18":[5],"19":[2],"20":[1],"21":[5],"22":[2],"23":[1],"24":[4],"25":[2],"26":[4],"27":[2],"28":[12],"29":[60],"30":[22],"31":[10],"32":[15],"33":[8],"34":[43],"35":[37],"36":[4],"37":[6],"38":[4],"39":[0],"40":[4],"41":[0],"42":[40],"43":[39]},"fnMap":{"0":{"name":"<instance_members_initializer>","decl":{"start":{"line":7,"column":15},"end":{"line":155,"column":1}},"loc":{"start":{"line":7,"column":15},"end":{"line":155,"column":1}},"line":7},"1":{"name":"Yatzy","decl":{"start":{"line":12,"column":2},"end":{"line":21,"column":3}},"loc":{"start":{"line":12,"column":2},"end":{"line":21,"column":3}},"line":12},"2":{"name":"get yatzee","decl":{"start":{"line":23,"column":2},"end":{"line":25,"column":3}},"loc":{"start":{"line":23,"column":2},"end":{"line":25,"column":3}},"line":23},"3":{"name":"aces","decl":{"start":{"line":28,"column":2},"end":{"line":30,"column":3}},"loc":{"start":{"line":28,"column":2},"end":{"line":30,"column":3}},"line":28},"4":{"name":"twos","decl":{"start":{"line":31,"column":2},"end":{"line":33,"column":3}},"loc":{"start":{"line":31,"column":2},"end":{"line":33,"column":3}},"line":31},"5":{"name":"threes","decl":{"start":{"line":34,"column":2},"end":{"line":36,"column":3}},"loc":{"start":{"line":34,"column":2},"end":{"line":36,"column":3}},"line":34},"6":{"name":"fours","decl":{"start":{"line":37,"column":2},"end":{"line":39,"column":3}},"loc":{"start":{"line":37,"column":2},"end":{"line":39,"column":3}},"line":37},"7":{"name":"fives","decl":{"start":{"line":40,"column":2},"end":{"line":42,"column":3}},"loc":{"start":{"line":40,"column":2},"end":{"line":42,"column":3}},"line":40},"8":{"name":"sixes","decl":{"start":{"line":43,"column":2},"end":{"line":45,"column":3}},"loc":{"start":{"line":43,"column":2},"end":{"line":45,"column":3}},"line":43},"9":{"name":"chance","decl":{"start":{"line":48,"column":2},"end":{"line":50,"column":3}},"loc":{"start":{"line":48,"column":2},"end":{"line":50,"column":3}},"line":48},"10":{"name":"threeOfAKind","decl":{"start":{"line":52,"column":2},"end":{"line":58,"column":3}},"loc":{"start":{"line":52,"column":2},"end":{"line":58,"column":3}},"line":52},"11":{"name":"fourOfAKind","decl":{"start":{"line":60,"column":2},"end":{"line":66,"column":3}},"loc":{"start":{"line":60,"column":2},"end":{"line":66,"column":3}},"line":60},"12":{"name":"fullHouse","decl":{"start":{"line":68,"column":2},"end":{"line":74,"column":3}},"loc":{"start":{"line":68,"column":2},"end":{"line":74,"column":3}},"line":68},"13":{"name":"yahtzee","decl":{"start":{"line":76,"column":2},"end":{"line":83,"column":3}},"loc":{"start":{"line":76,"column":2},"end":{"line":83,"column":3}},"line":76},"14":{"name":"smallStraight","decl":{"start":{"line":86,"column":2},"end":{"line":92,"column":3}},"loc":{"start":{"line":86,"column":2},"end":{"line":92,"column":3}},"line":86},"15":{"name":"largeStraight","decl":{"start":{"line":95,"column":2},"end":{"line":101,"column":3}},"loc":{"start":{"line":95,"column":2},"end":{"line":101,"column":3}},"line":95},"16":{"name":"singles","decl":{"start":{"line":107,"column":10},"end":{"line":111,"column":3}},"loc":{"start":{"line":107,"column":10},"end":{"line":111,"column":3}},"line":107},"17":{"name":"checkQuantity","decl":{"start":{"line":117,"column":10},"end":{"line":119,"column":3}},"loc":{"start":{"line":117,"column":10},"end":{"line":119,"column":3}},"line":117},"18":{"name":"checkDiceSequence","decl":{"start":{"line":125,"column":10},"end":{"line":154,"column":3}},"loc":{"start":{"line":125,"column":10},"end":{"line":154,"column":3}},"line":125}},"f":{"0":30,"1":30,"2":1,"3":2,"4":2,"5":2,"6":2,"7":2,"8":2,"9":2,"10":2,"11":2,"12":2,"13":2,"14":4,"15":4,"16":12,"17":10,"18":8}}
}
