{"/Users/devlee/tdd-kata/yatzy/src/yatzy.ts": {"path":"/Users/devlee/tdd-kata/yatzy/src/yatzy.ts","all":false,"statementMap":{"0":{"start":{"line":1,"column":0},"end":{"line":1,"column":37}},"1":{"start":{"line":2,"column":0},"end":{"line":2,"column":0}},"2":{"start":{"line":3,"column":0},"end":{"line":3,"column":24}},"3":{"start":{"line":4,"column":0},"end":{"line":4,"column":27}},"4":{"start":{"line":5,"column":0},"end":{"line":5,"column":2}},"5":{"start":{"line":6,"column":0},"end":{"line":6,"column":0}},"6":{"start":{"line":7,"column":0},"end":{"line":7,"column":28}},"7":{"start":{"line":8,"column":0},"end":{"line":8,"column":34}},"8":{"start":{"line":9,"column":0},"end":{"line":9,"column":52}},"9":{"start":{"line":10,"column":0},"end":{"line":10,"column":24}},"10":{"start":{"line":11,"column":0},"end":{"line":11,"column":75}},"11":{"start":{"line":12,"column":0},"end":{"line":12,"column":37}},"12":{"start":{"line":13,"column":0},"end":{"line":13,"column":44}},"13":{"start":{"line":14,"column":0},"end":{"line":14,"column":22}},"14":{"start":{"line":15,"column":0},"end":{"line":15,"column":15}},"15":{"start":{"line":16,"column":0},"end":{"line":16,"column":46}},"16":{"start":{"line":17,"column":0},"end":{"line":17,"column":9}},"17":{"start":{"line":18,"column":0},"end":{"line":18,"column":27}},"18":{"start":{"line":19,"column":0},"end":{"line":19,"column":6}},"19":{"start":{"line":20,"column":0},"end":{"line":20,"column":3}},"20":{"start":{"line":21,"column":0},"end":{"line":21,"column":0}},"21":{"start":{"line":22,"column":0},"end":{"line":22,"column":16}},"22":{"start":{"line":23,"column":0},"end":{"line":23,"column":22}},"23":{"start":{"line":24,"column":0},"end":{"line":24,"column":3}},"24":{"start":{"line":25,"column":0},"end":{"line":25,"column":0}},"25":{"start":{"line":26,"column":0},"end":{"line":26,"column":18}},"26":{"start":{"line":27,"column":0},"end":{"line":27,"column":18}},"27":{"start":{"line":28,"column":0},"end":{"line":28,"column":27}},"28":{"start":{"line":29,"column":0},"end":{"line":29,"column":3}},"29":{"start":{"line":30,"column":0},"end":{"line":30,"column":18}},"30":{"start":{"line":31,"column":0},"end":{"line":31,"column":27}},"31":{"start":{"line":32,"column":0},"end":{"line":32,"column":3}},"32":{"start":{"line":33,"column":0},"end":{"line":33,"column":20}},"33":{"start":{"line":34,"column":0},"end":{"line":34,"column":27}},"34":{"start":{"line":35,"column":0},"end":{"line":35,"column":3}},"35":{"start":{"line":36,"column":0},"end":{"line":36,"column":19}},"36":{"start":{"line":37,"column":0},"end":{"line":37,"column":27}},"37":{"start":{"line":38,"column":0},"end":{"line":38,"column":3}},"38":{"start":{"line":39,"column":0},"end":{"line":39,"column":19}},"39":{"start":{"line":40,"column":0},"end":{"line":40,"column":27}},"40":{"start":{"line":41,"column":0},"end":{"line":41,"column":3}},"41":{"start":{"line":42,"column":0},"end":{"line":42,"column":19}},"42":{"start":{"line":43,"column":0},"end":{"line":43,"column":27}},"43":{"start":{"line":44,"column":0},"end":{"line":44,"column":3}},"44":{"start":{"line":45,"column":0},"end":{"line":45,"column":0}},"45":{"start":{"line":46,"column":0},"end":{"line":46,"column":18}},"46":{"start":{"line":47,"column":0},"end":{"line":47,"column":20}},"47":{"start":{"line":48,"column":0},"end":{"line":48,"column":58}},"48":{"start":{"line":49,"column":0},"end":{"line":49,"column":3}},"49":{"start":{"line":50,"column":0},"end":{"line":50,"column":0}},"50":{"start":{"line":51,"column":0},"end":{"line":51,"column":26}},"51":{"start":{"line":52,"column":0},"end":{"line":52,"column":32}},"52":{"start":{"line":53,"column":0},"end":{"line":53,"column":60}},"53":{"start":{"line":54,"column":0},"end":{"line":54,"column":12}},"54":{"start":{"line":55,"column":0},"end":{"line":55,"column":44}},"55":{"start":{"line":56,"column":0},"end":{"line":56,"column":5}},"56":{"start":{"line":57,"column":0},"end":{"line":57,"column":3}},"57":{"start":{"line":58,"column":0},"end":{"line":58,"column":0}},"58":{"start":{"line":59,"column":0},"end":{"line":59,"column":25}},"59":{"start":{"line":60,"column":0},"end":{"line":60,"column":32}},"60":{"start":{"line":61,"column":0},"end":{"line":61,"column":60}},"61":{"start":{"line":62,"column":0},"end":{"line":62,"column":12}},"62":{"start":{"line":63,"column":0},"end":{"line":63,"column":43}},"63":{"start":{"line":64,"column":0},"end":{"line":64,"column":5}},"64":{"start":{"line":65,"column":0},"end":{"line":65,"column":3}},"65":{"start":{"line":66,"column":0},"end":{"line":66,"column":0}},"66":{"start":{"line":67,"column":0},"end":{"line":67,"column":23}},"67":{"start":{"line":68,"column":0},"end":{"line":68,"column":57}},"68":{"start":{"line":69,"column":0},"end":{"line":69,"column":60}},"69":{"start":{"line":70,"column":0},"end":{"line":70,"column":12}},"70":{"start":{"line":71,"column":0},"end":{"line":71,"column":39}},"71":{"start":{"line":72,"column":0},"end":{"line":72,"column":5}},"72":{"start":{"line":73,"column":0},"end":{"line":73,"column":3}},"73":{"start":{"line":74,"column":0},"end":{"line":74,"column":0}},"74":{"start":{"line":75,"column":0},"end":{"line":75,"column":21}},"75":{"start":{"line":76,"column":0},"end":{"line":76,"column":32}},"76":{"start":{"line":77,"column":0},"end":{"line":77,"column":24}},"77":{"start":{"line":78,"column":0},"end":{"line":78,"column":16}},"78":{"start":{"line":79,"column":0},"end":{"line":79,"column":12}},"79":{"start":{"line":80,"column":0},"end":{"line":80,"column":36}},"80":{"start":{"line":81,"column":0},"end":{"line":81,"column":5}},"81":{"start":{"line":82,"column":0},"end":{"line":82,"column":3}},"82":{"start":{"line":83,"column":0},"end":{"line":83,"column":0}},"83":{"start":{"line":84,"column":0},"end":{"line":84,"column":21}},"84":{"start":{"line":85,"column":0},"end":{"line":85,"column":27}},"85":{"start":{"line":86,"column":0},"end":{"line":86,"column":36}},"86":{"start":{"line":87,"column":0},"end":{"line":87,"column":16}},"87":{"start":{"line":88,"column":0},"end":{"line":88,"column":12}},"88":{"start":{"line":89,"column":0},"end":{"line":89,"column":43}},"89":{"start":{"line":90,"column":0},"end":{"line":90,"column":5}},"90":{"start":{"line":91,"column":0},"end":{"line":91,"column":3}},"91":{"start":{"line":92,"column":0},"end":{"line":92,"column":0}},"92":{"start":{"line":93,"column":0},"end":{"line":93,"column":21}},"93":{"start":{"line":94,"column":0},"end":{"line":94,"column":27}},"94":{"start":{"line":95,"column":0},"end":{"line":95,"column":36}},"95":{"start":{"line":96,"column":0},"end":{"line":96,"column":16}},"96":{"start":{"line":97,"column":0},"end":{"line":97,"column":12}},"97":{"start":{"line":98,"column":0},"end":{"line":98,"column":43}},"98":{"start":{"line":99,"column":0},"end":{"line":99,"column":5}},"99":{"start":{"line":100,"column":0},"end":{"line":100,"column":3}},"100":{"start":{"line":101,"column":0},"end":{"line":101,"column":0}},"101":{"start":{"line":102,"column":0},"end":{"line":102,"column":5}},"102":{"start":{"line":103,"column":0},"end":{"line":103,"column":17}},"103":{"start":{"line":104,"column":0},"end":{"line":104,"column":28}},"104":{"start":{"line":105,"column":0},"end":{"line":105,"column":7}},"105":{"start":{"line":106,"column":0},"end":{"line":106,"column":38}},"106":{"start":{"line":107,"column":0},"end":{"line":107,"column":20}},"107":{"start":{"line":108,"column":0},"end":{"line":108,"column":29}},"108":{"start":{"line":109,"column":0},"end":{"line":109,"column":44}},"109":{"start":{"line":110,"column":0},"end":{"line":110,"column":3}},"110":{"start":{"line":111,"column":0},"end":{"line":111,"column":0}},"111":{"start":{"line":112,"column":0},"end":{"line":112,"column":5}},"112":{"start":{"line":113,"column":0},"end":{"line":113,"column":17}},"113":{"start":{"line":114,"column":0},"end":{"line":114,"column":23}},"114":{"start":{"line":115,"column":0},"end":{"line":115,"column":5}},"115":{"start":{"line":116,"column":0},"end":{"line":116,"column":41}},"116":{"start":{"line":117,"column":0},"end":{"line":117,"column":72}},"117":{"start":{"line":118,"column":0},"end":{"line":118,"column":3}},"118":{"start":{"line":119,"column":0},"end":{"line":119,"column":0}},"119":{"start":{"line":120,"column":0},"end":{"line":120,"column":5}},"120":{"start":{"line":121,"column":0},"end":{"line":121,"column":17}},"121":{"start":{"line":122,"column":0},"end":{"line":122,"column":20}},"122":{"start":{"line":123,"column":0},"end":{"line":123,"column":8}},"123":{"start":{"line":124,"column":0},"end":{"line":124,"column":52}},"124":{"start":{"line":125,"column":0},"end":{"line":125,"column":58}},"125":{"start":{"line":126,"column":0},"end":{"line":126,"column":52}},"126":{"start":{"line":127,"column":0},"end":{"line":127,"column":51}},"127":{"start":{"line":128,"column":0},"end":{"line":128,"column":45}},"128":{"start":{"line":129,"column":0},"end":{"line":129,"column":17}},"129":{"start":{"line":130,"column":0},"end":{"line":130,"column":21}},"130":{"start":{"line":131,"column":0},"end":{"line":131,"column":0}},"131":{"start":{"line":132,"column":0},"end":{"line":132,"column":16}},"132":{"start":{"line":133,"column":0},"end":{"line":133,"column":20}},"133":{"start":{"line":134,"column":0},"end":{"line":134,"column":31}},"134":{"start":{"line":135,"column":0},"end":{"line":135,"column":20}},"135":{"start":{"line":136,"column":0},"end":{"line":136,"column":14}},"136":{"start":{"line":137,"column":0},"end":{"line":137,"column":31}},"137":{"start":{"line":138,"column":0},"end":{"line":138,"column":22}},"138":{"start":{"line":139,"column":0},"end":{"line":139,"column":9}},"139":{"start":{"line":140,"column":0},"end":{"line":140,"column":14}},"140":{"start":{"line":141,"column":0},"end":{"line":141,"column":22}},"141":{"start":{"line":142,"column":0},"end":{"line":142,"column":16}},"142":{"start":{"line":143,"column":0},"end":{"line":143,"column":7}},"143":{"start":{"line":144,"column":0},"end":{"line":144,"column":5}},"144":{"start":{"line":145,"column":0},"end":{"line":145,"column":0}},"145":{"start":{"line":146,"column":0},"end":{"line":146,"column":27}},"146":{"start":{"line":147,"column":0},"end":{"line":147,"column":18}},"147":{"start":{"line":148,"column":0},"end":{"line":148,"column":38}},"148":{"start":{"line":149,"column":0},"end":{"line":149,"column":18}},"149":{"start":{"line":150,"column":0},"end":{"line":150,"column":12}},"150":{"start":{"line":151,"column":0},"end":{"line":151,"column":19}},"151":{"start":{"line":152,"column":0},"end":{"line":152,"column":5}},"152":{"start":{"line":153,"column":0},"end":{"line":153,"column":3}},"153":{"start":{"line":154,"column":0},"end":{"line":154,"column":1}}},"s":{"0":1,"1":1,"2":1,"3":1,"4":1,"5":1,"6":1,"7":30,"8":30,"9":30,"10":30,"11":30,"12":30,"13":30,"14":150,"15":150,"16":30,"17":30,"18":30,"19":30,"20":30,"21":30,"22":1,"23":1,"24":30,"25":30,"26":30,"27":2,"28":2,"29":30,"30":2,"31":2,"32":30,"33":2,"34":2,"35":30,"36":2,"37":2,"38":30,"39":2,"40":2,"41":30,"42":2,"43":2,"44":30,"45":30,"46":30,"47":2,"48":2,"49":30,"50":30,"51":2,"52":1,"53":1,"54":1,"55":1,"56":2,"57":30,"58":30,"59":2,"60":1,"61":1,"62":1,"63":1,"64":2,"65":30,"66":30,"67":2,"68":1,"69":1,"70":1,"71":1,"72":2,"73":30,"74":30,"75":2,"76":1,"77":1,"78":1,"79":1,"80":1,"81":2,"82":30,"83":30,"84":30,"85":4,"86":2,"87":2,"88":2,"89":2,"90":4,"91":30,"92":30,"93":30,"94":4,"95":2,"96":2,"97":2,"98":2,"99":4,"100":30,"101":30,"102":30,"103":30,"104":30,"105":30,"106":12,"107":12,"108":12,"109":12,"110":30,"111":30,"112":30,"113":30,"114":30,"115":30,"116":10,"117":10,"118":30,"119":30,"120":30,"121":30,"122":30,"123":30,"124":8,"125":8,"126":8,"127":40,"128":40,"129":8,"130":8,"131":8,"132":8,"133":8,"134":43,"135":37,"136":37,"137":4,"138":4,"139":43,"140":6,"141":6,"142":6,"143":43,"144":4,"145":8,"146":0,"147":8,"148":0,"149":4,"150":4,"151":4,"152":8,"153":30},"branchMap":{"0":{"type":"branch","line":7,"loc":{"start":{"line":7,"column":15},"end":{"line":154,"column":1}},"locations":[{"start":{"line":7,"column":15},"end":{"line":154,"column":1}}]},"1":{"type":"branch","line":11,"loc":{"start":{"line":11,"column":2},"end":{"line":20,"column":3}},"locations":[{"start":{"line":11,"column":2},"end":{"line":20,"column":3}}]},"2":{"type":"branch","line":14,"loc":{"start":{"line":14,"column":6},"end":{"line":17,"column":8}},"locations":[{"start":{"line":14,"column":6},"end":{"line":17,"column":8}}]},"3":{"type":"branch","line":16,"loc":{"start":{"line":16,"column":35},"end":{"line":16,"column":40}},"locations":[{"start":{"line":16,"column":35},"end":{"line":16,"column":40}}]},"4":{"type":"branch","line":22,"loc":{"start":{"line":22,"column":2},"end":{"line":24,"column":3}},"locations":[{"start":{"line":22,"column":2},"end":{"line":24,"column":3}}]},"5":{"type":"branch","line":27,"loc":{"start":{"line":27,"column":2},"end":{"line":29,"column":3}},"locations":[{"start":{"line":27,"column":2},"end":{"line":29,"column":3}}]},"6":{"type":"branch","line":30,"loc":{"start":{"line":30,"column":2},"end":{"line":32,"column":3}},"locations":[{"start":{"line":30,"column":2},"end":{"line":32,"column":3}}]},"7":{"type":"branch","line":33,"loc":{"start":{"line":33,"column":2},"end":{"line":35,"column":3}},"locations":[{"start":{"line":33,"column":2},"end":{"line":35,"column":3}}]},"8":{"type":"branch","line":36,"loc":{"start":{"line":36,"column":2},"end":{"line":38,"column":3}},"locations":[{"start":{"line":36,"column":2},"end":{"line":38,"column":3}}]},"9":{"type":"branch","line":39,"loc":{"start":{"line":39,"column":2},"end":{"line":41,"column":3}},"locations":[{"start":{"line":39,"column":2},"end":{"line":41,"column":3}}]},"10":{"type":"branch","line":42,"loc":{"start":{"line":42,"column":2},"end":{"line":44,"column":3}},"locations":[{"start":{"line":42,"column":2},"end":{"line":44,"column":3}}]},"11":{"type":"branch","line":47,"loc":{"start":{"line":47,"column":2},"end":{"line":49,"column":3}},"locations":[{"start":{"line":47,"column":2},"end":{"line":49,"column":3}}]},"12":{"type":"branch","line":48,"loc":{"start":{"line":48,"column":28},"end":{"line":48,"column":53}},"locations":[{"start":{"line":48,"column":28},"end":{"line":48,"column":53}}]},"13":{"type":"branch","line":51,"loc":{"start":{"line":51,"column":2},"end":{"line":57,"column":3}},"locations":[{"start":{"line":51,"column":2},"end":{"line":57,"column":3}}]},"14":{"type":"branch","line":52,"loc":{"start":{"line":52,"column":31},"end":{"line":56,"column":5}},"locations":[{"start":{"line":52,"column":31},"end":{"line":56,"column":5}}]},"15":{"type":"branch","line":53,"loc":{"start":{"line":53,"column":30},"end":{"line":53,"column":55}},"locations":[{"start":{"line":53,"column":30},"end":{"line":53,"column":55}}]},"16":{"type":"branch","line":59,"loc":{"start":{"line":59,"column":2},"end":{"line":65,"column":3}},"locations":[{"start":{"line":59,"column":2},"end":{"line":65,"column":3}}]},"17":{"type":"branch","line":60,"loc":{"start":{"line":60,"column":31},"end":{"line":64,"column":5}},"locations":[{"start":{"line":60,"column":31},"end":{"line":64,"column":5}}]},"18":{"type":"branch","line":61,"loc":{"start":{"line":61,"column":30},"end":{"line":61,"column":55}},"locations":[{"start":{"line":61,"column":30},"end":{"line":61,"column":55}}]},"19":{"type":"branch","line":67,"loc":{"start":{"line":67,"column":2},"end":{"line":73,"column":3}},"locations":[{"start":{"line":67,"column":2},"end":{"line":73,"column":3}}]},"20":{"type":"branch","line":68,"loc":{"start":{"line":68,"column":56},"end":{"line":72,"column":5}},"locations":[{"start":{"line":68,"column":56},"end":{"line":72,"column":5}}]},"21":{"type":"branch","line":69,"loc":{"start":{"line":69,"column":30},"end":{"line":69,"column":55}},"locations":[{"start":{"line":69,"column":30},"end":{"line":69,"column":55}}]},"22":{"type":"branch","line":75,"loc":{"start":{"line":75,"column":2},"end":{"line":82,"column":3}},"locations":[{"start":{"line":75,"column":2},"end":{"line":82,"column":3}}]},"23":{"type":"branch","line":76,"loc":{"start":{"line":76,"column":31},"end":{"line":81,"column":5}},"locations":[{"start":{"line":76,"column":31},"end":{"line":81,"column":5}}]},"24":{"type":"branch","line":85,"loc":{"start":{"line":85,"column":2},"end":{"line":91,"column":3}},"locations":[{"start":{"line":85,"column":2},"end":{"line":91,"column":3}}]},"25":{"type":"branch","line":86,"loc":{"start":{"line":86,"column":35},"end":{"line":90,"column":5}},"locations":[{"start":{"line":86,"column":35},"end":{"line":90,"column":5}}]},"26":{"type":"branch","line":94,"loc":{"start":{"line":94,"column":2},"end":{"line":100,"column":3}},"locations":[{"start":{"line":94,"column":2},"end":{"line":100,"column":3}}]},"27":{"type":"branch","line":95,"loc":{"start":{"line":95,"column":35},"end":{"line":99,"column":5}},"locations":[{"start":{"line":95,"column":35},"end":{"line":99,"column":5}}]},"28":{"type":"branch","line":106,"loc":{"start":{"line":106,"column":10},"end":{"line":110,"column":3}},"locations":[{"start":{"line":106,"column":10},"end":{"line":110,"column":3}}]},"29":{"type":"branch","line":108,"loc":{"start":{"line":108,"column":15},"end":{"line":108,"column":28}},"locations":[{"start":{"line":108,"column":15},"end":{"line":108,"column":28}}]},"30":{"type":"branch","line":109,"loc":{"start":{"line":109,"column":14},"end":{"line":109,"column":39}},"locations":[{"start":{"line":109,"column":14},"end":{"line":109,"column":39}}]},"31":{"type":"branch","line":116,"loc":{"start":{"line":116,"column":10},"end":{"line":118,"column":3}},"locations":[{"start":{"line":116,"column":10},"end":{"line":118,"column":3}}]},"32":{"type":"branch","line":117,"loc":{"start":{"line":117,"column":53},"end":{"line":117,"column":70}},"locations":[{"start":{"line":117,"column":53},"end":{"line":117,"column":70}}]},"33":{"type":"branch","line":124,"loc":{"start":{"line":124,"column":10},"end":{"line":153,"column":3}},"locations":[{"start":{"line":124,"column":10},"end":{"line":153,"column":3}}]},"34":{"type":"branch","line":134,"loc":{"start":{"line":134,"column":30},"end":{"line":144,"column":5}},"locations":[{"start":{"line":134,"column":30},"end":{"line":144,"column":5}}]},"35":{"type":"branch","line":135,"loc":{"start":{"line":135,"column":19},"end":{"line":140,"column":7}},"locations":[{"start":{"line":135,"column":19},"end":{"line":140,"column":7}}]},"36":{"type":"branch","line":137,"loc":{"start":{"line":137,"column":30},"end":{"line":139,"column":9}},"locations":[{"start":{"line":137,"column":30},"end":{"line":139,"column":9}}]},"37":{"type":"branch","line":140,"loc":{"start":{"line":140,"column":7},"end":{"line":143,"column":7}},"locations":[{"start":{"line":140,"column":7},"end":{"line":143,"column":7}}]},"38":{"type":"branch","line":144,"loc":{"start":{"line":144,"column":4},"end":{"line":146,"column":26}},"locations":[{"start":{"line":144,"column":4},"end":{"line":146,"column":26}}]},"39":{"type":"branch","line":146,"loc":{"start":{"line":146,"column":26},"end":{"line":148,"column":5}},"locations":[{"start":{"line":146,"column":26},"end":{"line":148,"column":5}}]},"40":{"type":"branch","line":148,"loc":{"start":{"line":148,"column":5},"end":{"line":152,"column":5}},"locations":[{"start":{"line":148,"column":5},"end":{"line":152,"column":5}}]},"41":{"type":"branch","line":148,"loc":{"start":{"line":148,"column":37},"end":{"line":150,"column":5}},"locations":[{"start":{"line":148,"column":37},"end":{"line":150,"column":5}}]},"42":{"type":"branch","line":127,"loc":{"start":{"line":127,"column":36},"end":{"line":130,"column":5}},"locations":[{"start":{"line":127,"column":36},"end":{"line":130,"column":5}}]},"43":{"type":"branch","line":128,"loc":{"start":{"line":128,"column":34},"end":{"line":128,"column":39}},"locations":[{"start":{"line":128,"column":34},"end":{"line":128,"column":39}}]}},"b":{"0":[30],"1":[30],"2":[150],"3":[102],"4":[1],"5":[2],"6":[2],"7":[2],"8":[2],"9":[2],"10":[2],"11":[2],"12":[10],"13":[2],"14":[1],"15":[5],"16":[2],"17":[1],"18":[5],"19":[2],"20":[1],"21":[5],"22":[2],"23":[1],"24":[4],"25":[2],"26":[4],"27":[2],"28":[12],"29":[60],"30":[22],"31":[10],"32":[15],"33":[8],"34":[43],"35":[37],"36":[4],"37":[6],"38":[4],"39":[0],"40":[4],"41":[0],"42":[40],"43":[39]},"fnMap":{"0":{"name":"<instance_members_initializer>","decl":{"start":{"line":7,"column":15},"end":{"line":154,"column":1}},"loc":{"start":{"line":7,"column":15},"end":{"line":154,"column":1}},"line":7},"1":{"name":"Yatzy","decl":{"start":{"line":11,"column":2},"end":{"line":20,"column":3}},"loc":{"start":{"line":11,"column":2},"end":{"line":20,"column":3}},"line":11},"2":{"name":"get yatzee","decl":{"start":{"line":22,"column":2},"end":{"line":24,"column":3}},"loc":{"start":{"line":22,"column":2},"end":{"line":24,"column":3}},"line":22},"3":{"name":"aces","decl":{"start":{"line":27,"column":2},"end":{"line":29,"column":3}},"loc":{"start":{"line":27,"column":2},"end":{"line":29,"column":3}},"line":27},"4":{"name":"twos","decl":{"start":{"line":30,"column":2},"end":{"line":32,"column":3}},"loc":{"start":{"line":30,"column":2},"end":{"line":32,"column":3}},"line":30},"5":{"name":"threes","decl":{"start":{"line":33,"column":2},"end":{"line":35,"column":3}},"loc":{"start":{"line":33,"column":2},"end":{"line":35,"column":3}},"line":33},"6":{"name":"fours","decl":{"start":{"line":36,"column":2},"end":{"line":38,"column":3}},"loc":{"start":{"line":36,"column":2},"end":{"line":38,"column":3}},"line":36},"7":{"name":"fives","decl":{"start":{"line":39,"column":2},"end":{"line":41,"column":3}},"loc":{"start":{"line":39,"column":2},"end":{"line":41,"column":3}},"line":39},"8":{"name":"sixes","decl":{"start":{"line":42,"column":2},"end":{"line":44,"column":3}},"loc":{"start":{"line":42,"column":2},"end":{"line":44,"column":3}},"line":42},"9":{"name":"chance","decl":{"start":{"line":47,"column":2},"end":{"line":49,"column":3}},"loc":{"start":{"line":47,"column":2},"end":{"line":49,"column":3}},"line":47},"10":{"name":"ThreeOfAKind","decl":{"start":{"line":51,"column":2},"end":{"line":57,"column":3}},"loc":{"start":{"line":51,"column":2},"end":{"line":57,"column":3}},"line":51},"11":{"name":"FourOfAKind","decl":{"start":{"line":59,"column":2},"end":{"line":65,"column":3}},"loc":{"start":{"line":59,"column":2},"end":{"line":65,"column":3}},"line":59},"12":{"name":"FullHouse","decl":{"start":{"line":67,"column":2},"end":{"line":73,"column":3}},"loc":{"start":{"line":67,"column":2},"end":{"line":73,"column":3}},"line":67},"13":{"name":"yahtzee","decl":{"start":{"line":75,"column":2},"end":{"line":82,"column":3}},"loc":{"start":{"line":75,"column":2},"end":{"line":82,"column":3}},"line":75},"14":{"name":"smallStraight","decl":{"start":{"line":85,"column":2},"end":{"line":91,"column":3}},"loc":{"start":{"line":85,"column":2},"end":{"line":91,"column":3}},"line":85},"15":{"name":"largeStraight","decl":{"start":{"line":94,"column":2},"end":{"line":100,"column":3}},"loc":{"start":{"line":94,"column":2},"end":{"line":100,"column":3}},"line":94},"16":{"name":"singles","decl":{"start":{"line":106,"column":10},"end":{"line":110,"column":3}},"loc":{"start":{"line":106,"column":10},"end":{"line":110,"column":3}},"line":106},"17":{"name":"checkQuantity","decl":{"start":{"line":116,"column":10},"end":{"line":118,"column":3}},"loc":{"start":{"line":116,"column":10},"end":{"line":118,"column":3}},"line":116},"18":{"name":"checkDiceSequence","decl":{"start":{"line":124,"column":10},"end":{"line":153,"column":3}},"loc":{"start":{"line":124,"column":10},"end":{"line":153,"column":3}},"line":124}},"f":{"0":30,"1":30,"2":1,"3":2,"4":2,"5":2,"6":2,"7":2,"8":2,"9":2,"10":2,"11":2,"12":2,"13":2,"14":4,"15":4,"16":12,"17":10,"18":8}}
}
