TN:
SF:src/yatzy.ts
FN:7,<instance_members_initializer>
FN:11,Yatzy
FN:22,get yatzee
FN:27,aces
FN:30,twos
FN:33,threes
FN:36,fours
FN:39,fives
FN:42,sixes
FN:47,chance
FN:51,ThreeOfAKind
FN:59,FourOfAKind
FN:67,FullHouse
FN:75,yahtzee
FN:85,smallStraight
FN:94,largeStraight
FN:106,singles
FN:116,checkQuantity
FN:124,checkDiceSequence
FNF:19
FNH:19
FNDA:30,<instance_members_initializer>
FNDA:30,Yatzy
FNDA:1,get yatzee
FNDA:2,aces
FNDA:2,twos
FNDA:2,threes
FNDA:2,fours
FNDA:2,fives
FNDA:2,sixes
FNDA:2,chance
FNDA:2,ThreeOfAKind
FNDA:2,FourOfAKind
FNDA:2,FullHouse
FNDA:2,yahtzee
FNDA:4,smallStraight
FNDA:4,largeStraight
FNDA:12,singles
FNDA:10,checkQuantity
FNDA:8,checkDiceSequence
DA:1,1
DA:2,1
DA:3,1
DA:4,1
DA:5,1
DA:6,1
DA:7,1
DA:8,30
DA:9,30
DA:10,30
DA:11,30
DA:12,30
DA:13,30
DA:14,30
DA:15,150
DA:16,150
DA:17,30
DA:18,30
DA:19,30
DA:20,30
DA:21,30
DA:22,30
DA:23,1
DA:24,1
DA:25,30
DA:26,30
DA:27,30
DA:28,2
DA:29,2
DA:30,30
DA:31,2
DA:32,2
DA:33,30
DA:34,2
DA:35,2
DA:36,30
DA:37,2
DA:38,2
DA:39,30
DA:40,2
DA:41,2
DA:42,30
DA:43,2
DA:44,2
DA:45,30
DA:46,30
DA:47,30
DA:48,2
DA:49,2
DA:50,30
DA:51,30
DA:52,2
DA:53,1
DA:54,1
DA:55,1
DA:56,1
DA:57,2
DA:58,30
DA:59,30
DA:60,2
DA:61,1
DA:62,1
DA:63,1
DA:64,1
DA:65,2
DA:66,30
DA:67,30
DA:68,2
DA:69,1
DA:70,1
DA:71,1
DA:72,1
DA:73,2
DA:74,30
DA:75,30
DA:76,2
DA:77,1
DA:78,1
DA:79,1
DA:80,1
DA:81,1
DA:82,2
DA:83,30
DA:84,30
DA:85,30
DA:86,4
DA:87,2
DA:88,2
DA:89,2
DA:90,2
DA:91,4
DA:92,30
DA:93,30
DA:94,30
DA:95,4
DA:96,2
DA:97,2
DA:98,2
DA:99,2
DA:100,4
DA:101,30
DA:102,30
DA:103,30
DA:104,30
DA:105,30
DA:106,30
DA:107,12
DA:108,12
DA:109,12
DA:110,12
DA:111,30
DA:112,30
DA:113,30
DA:114,30
DA:115,30
DA:116,30
DA:117,10
DA:118,10
DA:119,30
DA:120,30
DA:121,30
DA:122,30
DA:123,30
DA:124,30
DA:125,8
DA:126,8
DA:127,8
DA:128,40
DA:129,40
DA:130,8
DA:131,8
DA:132,8
DA:133,8
DA:134,8
DA:135,43
DA:136,37
DA:137,37
DA:138,4
DA:139,4
DA:140,43
DA:141,6
DA:142,6
DA:143,6
DA:144,43
DA:145,4
DA:146,8
DA:147,0
DA:148,8
DA:149,0
DA:150,4
DA:151,4
DA:152,4
DA:153,8
DA:154,30
LF:154
LH:152
BRDA:7,0,0,30
BRDA:11,1,0,30
BRDA:14,2,0,150
BRDA:16,3,0,102
BRDA:22,4,0,1
BRDA:27,5,0,2
BRDA:30,6,0,2
BRDA:33,7,0,2
BRDA:36,8,0,2
BRDA:39,9,0,2
BRDA:42,10,0,2
BRDA:47,11,0,2
BRDA:48,12,0,10
BRDA:51,13,0,2
BRDA:52,14,0,1
BRDA:53,15,0,5
BRDA:59,16,0,2
BRDA:60,17,0,1
BRDA:61,18,0,5
BRDA:67,19,0,2
BRDA:68,20,0,1
BRDA:69,21,0,5
BRDA:75,22,0,2
BRDA:76,23,0,1
BRDA:85,24,0,4
BRDA:86,25,0,2
BRDA:94,26,0,4
BRDA:95,27,0,2
BRDA:106,28,0,12
BRDA:108,29,0,60
BRDA:109,30,0,22
BRDA:116,31,0,10
BRDA:117,32,0,15
BRDA:124,33,0,8
BRDA:134,34,0,43
BRDA:135,35,0,37
BRDA:137,36,0,4
BRDA:140,37,0,6
BRDA:144,38,0,4
BRDA:146,39,0,0
BRDA:148,40,0,4
BRDA:148,41,0,0
BRDA:127,42,0,40
BRDA:128,43,0,39
BRF:44
BRH:42
end_of_record
