TN:
SF:src/yatzy.ts
FN:7,<instance_members_initializer>
FN:12,Yatzy
FN:23,get yatzee
FN:28,aces
FN:31,twos
FN:34,threes
FN:37,fours
FN:40,fives
FN:43,sixes
FN:48,chance
FN:52,threeOfAKind
FN:60,fourOfAKind
FN:68,fullHouse
FN:76,yahtzee
FN:86,smallStraight
FN:95,largeStraight
FN:107,singles
FN:117,checkQuantity
FN:125,checkDiceSequence
FNF:19
FNH:19
FNDA:30,<instance_members_initializer>
FNDA:30,Yatzy
FNDA:1,get yatzee
FNDA:2,aces
FNDA:2,twos
FNDA:2,threes
FNDA:2,fours
FNDA:2,fives
FNDA:2,sixes
FNDA:2,chance
FNDA:2,threeOfAKind
FNDA:2,fourOfAKind
FNDA:2,fullHouse
FNDA:2,yahtzee
FNDA:4,smallStraight
FNDA:4,largeStraight
FNDA:12,singles
FNDA:10,checkQuantity
FNDA:8,checkDiceSequence
DA:1,1
DA:2,1
DA:3,1
DA:4,1
DA:5,1
DA:6,1
DA:7,1
DA:8,30
DA:9,30
DA:10,30
DA:11,30
DA:12,30
DA:13,30
DA:14,30
DA:15,30
DA:16,150
DA:17,150
DA:18,30
DA:19,30
DA:20,30
DA:21,30
DA:22,30
DA:23,30
DA:24,1
DA:25,1
DA:26,30
DA:27,30
DA:28,30
DA:29,2
DA:30,2
DA:31,30
DA:32,2
DA:33,2
DA:34,30
DA:35,2
DA:36,2
DA:37,30
DA:38,2
DA:39,2
DA:40,30
DA:41,2
DA:42,2
DA:43,30
DA:44,2
DA:45,2
DA:46,30
DA:47,30
DA:48,30
DA:49,2
DA:50,2
DA:51,30
DA:52,30
DA:53,2
DA:54,1
DA:55,1
DA:56,1
DA:57,1
DA:58,2
DA:59,30
DA:60,30
DA:61,2
DA:62,1
DA:63,1
DA:64,1
DA:65,1
DA:66,2
DA:67,30
DA:68,30
DA:69,2
DA:70,1
DA:71,1
DA:72,1
DA:73,1
DA:74,2
DA:75,30
DA:76,30
DA:77,2
DA:78,1
DA:79,1
DA:80,1
DA:81,1
DA:82,1
DA:83,2
DA:84,30
DA:85,30
DA:86,30
DA:87,4
DA:88,2
DA:89,2
DA:90,2
DA:91,2
DA:92,4
DA:93,30
DA:94,30
DA:95,30
DA:96,4
DA:97,2
DA:98,2
DA:99,2
DA:100,2
DA:101,4
DA:102,30
DA:103,30
DA:104,30
DA:105,30
DA:106,30
DA:107,30
DA:108,12
DA:109,12
DA:110,12
DA:111,12
DA:112,30
DA:113,30
DA:114,30
DA:115,30
DA:116,30
DA:117,30
DA:118,10
DA:119,10
DA:120,30
DA:121,30
DA:122,30
DA:123,30
DA:124,30
DA:125,30
DA:126,8
DA:127,8
DA:128,8
DA:129,40
DA:130,40
DA:131,8
DA:132,8
DA:133,8
DA:134,8
DA:135,8
DA:136,43
DA:137,37
DA:138,37
DA:139,4
DA:140,4
DA:141,43
DA:142,6
DA:143,6
DA:144,6
DA:145,43
DA:146,4
DA:147,8
DA:148,0
DA:149,8
DA:150,0
DA:151,4
DA:152,4
DA:153,4
DA:154,8
DA:155,30
LF:155
LH:153
BRDA:7,0,0,30
BRDA:12,1,0,30
BRDA:15,2,0,150
BRDA:17,3,0,102
BRDA:23,4,0,1
BRDA:28,5,0,2
BRDA:31,6,0,2
BRDA:34,7,0,2
BRDA:37,8,0,2
BRDA:40,9,0,2
BRDA:43,10,0,2
BRDA:48,11,0,2
BRDA:49,12,0,10
BRDA:52,13,0,2
BRDA:53,14,0,1
BRDA:54,15,0,5
BRDA:60,16,0,2
BRDA:61,17,0,1
BRDA:62,18,0,5
BRDA:68,19,0,2
BRDA:69,20,0,1
BRDA:70,21,0,5
BRDA:76,22,0,2
BRDA:77,23,0,1
BRDA:86,24,0,4
BRDA:87,25,0,2
BRDA:95,26,0,4
BRDA:96,27,0,2
BRDA:107,28,0,12
BRDA:109,29,0,60
BRDA:110,30,0,22
BRDA:117,31,0,10
BRDA:118,32,0,15
BRDA:125,33,0,8
BRDA:135,34,0,43
BRDA:136,35,0,37
BRDA:138,36,0,4
BRDA:141,37,0,6
BRDA:145,38,0,4
BRDA:147,39,0,0
BRDA:149,40,0,4
BRDA:149,41,0,0
BRDA:128,42,0,40
BRDA:129,43,0,39
BRF:44
BRH:42
end_of_record
